d:\my_projects\c++\projects\texteditor\texteditor\x64\debug\vc143.pdb
d:\my_projects\c++\projects\texteditor\texteditor\x64\debug\vc143.idb
d:\my_projects\c++\projects\texteditor\texteditor\x64\debug\utils.obj
d:\my_projects\c++\projects\texteditor\texteditor\x64\debug\textbuffer.obj
d:\my_projects\c++\projects\texteditor\texteditor\x64\debug\main.obj
d:\my_projects\c++\projects\texteditor\texteditor\x64\debug\mylogger.obj
d:\my_projects\c++\projects\texteditor\texteditor\x64\debug\keyboardcontrol.obj
d:\my_projects\c++\projects\texteditor\texteditor\x64\debug\inputhandler.obj
d:\my_projects\c++\projects\texteditor\texteditor\x64\debug\filesystem.obj
d:\my_projects\c++\projects\texteditor\texteditor\x64\debug\displaycollisions.obj
d:\my_projects\c++\projects\texteditor\texteditor\x64\debug\cursor.obj
d:\my_projects\c++\projects\texteditor\texteditor\x64\debug\appcontroler.obj
d:\my_projects\c++\projects\texteditor\texteditor\x64\debug\renderer.obj
d:\my_projects\c++\projects\texteditor\x64\debug\texteditor.exe
d:\my_projects\c++\projects\texteditor\x64\debug\texteditor.pdb
d:\my_projects\c++\projects\texteditor\texteditor\x64\debug\texteditor.ilk
d:\my_projects\c++\projects\texteditor\texteditor\x64\debug\texteditor.tlog\cl.command.1.tlog
d:\my_projects\c++\projects\texteditor\texteditor\x64\debug\texteditor.tlog\cl.items.tlog
d:\my_projects\c++\projects\texteditor\texteditor\x64\debug\texteditor.tlog\cl.read.1.tlog
d:\my_projects\c++\projects\texteditor\texteditor\x64\debug\texteditor.tlog\cl.write.1.tlog
d:\my_projects\c++\projects\texteditor\texteditor\x64\debug\texteditor.tlog\link.command.1.tlog
d:\my_projects\c++\projects\texteditor\texteditor\x64\debug\texteditor.tlog\link.read.1.tlog
d:\my_projects\c++\projects\texteditor\texteditor\x64\debug\texteditor.tlog\link.secondary.1.tlog
d:\my_projects\c++\projects\texteditor\texteditor\x64\debug\texteditor.tlog\link.write.1.tlog
